<?xml version="1.0" encoding="UTF-8" ?>
<testsuites>
  <testsuite errors="0" failures="0" hostname="jjballano.local" id="0" name="CreateIssuerHeaderTest" package="cuaderno19" tests="17" time="0.157" timestamp="2012-03-01T14:50:47">
      <properties />

      <testcase classname="cuaderno19.CreateIssuerHeaderTest" name="should_start_with_with_5380" time="0.058" />

      <testcase classname="cuaderno19.CreateIssuerHeaderTest" name="should_has_a_nif_between_5th_and_13th_position" time="0.0010" />

      <testcase classname="cuaderno19.CreateIssuerHeaderTest" name="nif_should_not_be_empty" time="0.01" />

      <testcase classname="cuaderno19.CreateIssuerHeaderTest" name="should_throw_an_exception_if_nif_has_more_than_9_chars" time="0.0" />

      <testcase classname="cuaderno19.CreateIssuerHeaderTest" name="should_has_a_nif_with_9_chars_filling_with_0_left_positions_until_9" time="0.0020" />

      <testcase classname="cuaderno19.CreateIssuerHeaderTest" name="should_has_a_sufix_between_14th_and_16th_position" time="0.0010" />

      <testcase classname="cuaderno19.CreateIssuerHeaderTest" name="should_has_a_date_when_file_was_built_between_17th_and_22nd_position" time="0.0010" />

      <testcase classname="cuaderno19.CreateIssuerHeaderTest" name="should_has_a_charge_date_between_23rd_and_28th_position" time="0.0030" />

      <testcase classname="cuaderno19.CreateIssuerHeaderTest" name="should_has_issuer_name_between_29th_and_68th_position" time="0.0040" />

      <testcase classname="cuaderno19.CreateIssuerHeaderTest" name="should_cut_the_issuer_name_with_more_than_40_chars" time="0.0010" />

      <testcase classname="cuaderno19.CreateIssuerHeaderTest" name="should_has_a_account_number_between_69th_and_88th_position" time="0.0010" />

      <testcase classname="cuaderno19.CreateIssuerHeaderTest" name="should_throw_an_expcetion_if_account_number_has_less_than_20_chars" time="0.0010" />

      <testcase classname="cuaderno19.CreateIssuerHeaderTest" name="should_throw_an_expcetion_if_account_number_has_more_than_20_chars" time="0.0010" />

      <testcase classname="cuaderno19.CreateIssuerHeaderTest" name="should_has_empty_between_89th_and_96th_position" time="0.0020" />

      <testcase classname="cuaderno19.CreateIssuerHeaderTest" name="should_has_a_procedure_97th_and_98th_position_with_value_01" time="0.0020" />

      <testcase classname="cuaderno19.CreateIssuerHeaderTest" name="should_has_empty_between_99th_and_162nd_position" time="0.0030" />

      <testcase classname="cuaderno19.CreateIssuerHeaderTest" name="should_be_162_characters_length" time="0.0020" />

      <system-out><![CDATA[--Output from should_start_with_with_5380--
--Output from should_has_a_nif_between_5th_and_13th_position--
--Output from nif_should_not_be_empty--
--Output from should_throw_an_exception_if_nif_has_more_than_9_chars--
--Output from should_has_a_nif_with_9_chars_filling_with_0_left_positions_until_9--
--Output from should_has_a_sufix_between_14th_and_16th_position--
--Output from should_has_a_date_when_file_was_built_between_17th_and_22nd_position--
--Output from should_has_a_charge_date_between_23rd_and_28th_position--
--Output from should_has_issuer_name_between_29th_and_68th_position--
--Output from should_cut_the_issuer_name_with_more_than_40_chars--
--Output from should_has_a_account_number_between_69th_and_88th_position--
--Output from should_throw_an_expcetion_if_account_number_has_less_than_20_chars--
--Output from should_throw_an_expcetion_if_account_number_has_more_than_20_chars--
--Output from should_has_empty_between_89th_and_96th_position--
--Output from should_has_a_procedure_97th_and_98th_position_with_value_01--
--Output from should_has_empty_between_99th_and_162nd_position--
--Output from should_be_162_characters_length--
]]></system-out>

      <system-err><![CDATA[--Output from should_start_with_with_5380--
--Output from should_has_a_nif_between_5th_and_13th_position--
--Output from nif_should_not_be_empty--
--Output from should_throw_an_exception_if_nif_has_more_than_9_chars--
--Output from should_has_a_nif_with_9_chars_filling_with_0_left_positions_until_9--
--Output from should_has_a_sufix_between_14th_and_16th_position--
--Output from should_has_a_date_when_file_was_built_between_17th_and_22nd_position--
--Output from should_has_a_charge_date_between_23rd_and_28th_position--
--Output from should_has_issuer_name_between_29th_and_68th_position--
--Output from should_cut_the_issuer_name_with_more_than_40_chars--
--Output from should_has_a_account_number_between_69th_and_88th_position--
--Output from should_throw_an_expcetion_if_account_number_has_less_than_20_chars--
--Output from should_throw_an_expcetion_if_account_number_has_more_than_20_chars--
--Output from should_has_empty_between_89th_and_96th_position--
--Output from should_has_a_procedure_97th_and_98th_position_with_value_01--
--Output from should_has_empty_between_99th_and_162nd_position--
--Output from should_be_162_characters_length--
]]></system-err>

  </testsuite>
  <testsuite errors="0" failures="0" hostname="jjballano.local" id="1" name="CreatePresentatorHeaderTest" package="cuaderno19" tests="22" time="0.129" timestamp="2012-03-01T14:50:47">
      <properties />

      <testcase classname="cuaderno19.CreatePresentatorHeaderTest" name="should_has_a_nif_between_5th_and_13th_position" time="0.018" />

      <testcase classname="cuaderno19.CreatePresentatorHeaderTest" name="nif_should_not_be_empty" time="0.0" />

      <testcase classname="cuaderno19.CreatePresentatorHeaderTest" name="should_throw_an_exception_if_nif_has_more_than_9_chars" time="0.0" />

      <testcase classname="cuaderno19.CreatePresentatorHeaderTest" name="should_has_a_nif_with_9_chars_filling_with_0_left_positions_until_9" time="0.015" />

      <testcase classname="cuaderno19.CreatePresentatorHeaderTest" name="should_has_a_sufix_between_14th_and_16th_position" time="0.0010" />

      <testcase classname="cuaderno19.CreatePresentatorHeaderTest" name="should_be_162_characters_length" time="0.0010" />

      <testcase classname="cuaderno19.CreatePresentatorHeaderTest" name="should_start_with_with_5180" time="0.0020" />

      <testcase classname="cuaderno19.CreatePresentatorHeaderTest" name="should_has_a_date_when_file_was_built_between_17th_and_22th_position" time="0.0040" />

      <testcase classname="cuaderno19.CreatePresentatorHeaderTest" name="should_has_empty_between_23th_and_28th_position" time="0.0010" />

      <testcase classname="cuaderno19.CreatePresentatorHeaderTest" name="should_has_presentator_name_between_29th_and_68th_position" time="0.0010" />

      <testcase classname="cuaderno19.CreatePresentatorHeaderTest" name="should_has_to_change_to_uppercase_the_name" time="0.0010" />

      <testcase classname="cuaderno19.CreatePresentatorHeaderTest" name="should_has_to_remove_every_accent_in_the_name" time="0.0020" />

      <testcase classname="cuaderno19.CreatePresentatorHeaderTest" name="should_cut_the_presentator_name_with_more_than_40_chars" time="0.0010" />

      <testcase classname="cuaderno19.CreatePresentatorHeaderTest" name="should_has_empty_between_69th_and_88th_position" time="0.0020" />

      <testcase classname="cuaderno19.CreatePresentatorHeaderTest" name="should_has_a_entity_receptor_number_between_89th_and_92th_position" time="0.0050" />

      <testcase classname="cuaderno19.CreatePresentatorHeaderTest" name="should_throw_an_exception_if_entity_receptor_has_more_than_4_chars" time="0.0020" />

      <testcase classname="cuaderno19.CreatePresentatorHeaderTest" name="should_throw_an_exception_if_entity_receptor_has_less_than_4_chars" time="0.01" />

      <testcase classname="cuaderno19.CreatePresentatorHeaderTest" name="should_has_a_office_receptor_number_between_93th_and_96th_position" time="0.0060" />

      <testcase classname="cuaderno19.CreatePresentatorHeaderTest" name="should_throw_an_exception_if_office_receptor_has_more_than_4_chars" time="0.0010" />

      <testcase classname="cuaderno19.CreatePresentatorHeaderTest" name="should_throw_an_exception_if_office_receptor_has_less_than_4_chars" time="0.0090" />

      <testcase classname="cuaderno19.CreatePresentatorHeaderTest" name="should_has_empty_between_97th_and_162th_position" time="0.0010" />

      <testcase classname="cuaderno19.CreatePresentatorHeaderTest" name="should_allow_put_all_parameters_together" time="0.0010" />

      <system-out><![CDATA[--Output from should_has_a_nif_between_5th_and_13th_position--
--Output from nif_should_not_be_empty--
--Output from should_throw_an_exception_if_nif_has_more_than_9_chars--
--Output from should_has_a_nif_with_9_chars_filling_with_0_left_positions_until_9--
--Output from should_has_a_sufix_between_14th_and_16th_position--
--Output from should_be_162_characters_length--
--Output from should_start_with_with_5180--
--Output from should_has_a_date_when_file_was_built_between_17th_and_22th_position--
--Output from should_has_empty_between_23th_and_28th_position--
--Output from should_has_presentator_name_between_29th_and_68th_position--
--Output from should_has_to_change_to_uppercase_the_name--
--Output from should_has_to_remove_every_accent_in_the_name--
--Output from should_cut_the_presentator_name_with_more_than_40_chars--
--Output from should_has_empty_between_69th_and_88th_position--
--Output from should_has_a_entity_receptor_number_between_89th_and_92th_position--
--Output from should_throw_an_exception_if_entity_receptor_has_more_than_4_chars--
--Output from should_throw_an_exception_if_entity_receptor_has_less_than_4_chars--
--Output from should_has_a_office_receptor_number_between_93th_and_96th_position--
--Output from should_throw_an_exception_if_office_receptor_has_more_than_4_chars--
--Output from should_throw_an_exception_if_office_receptor_has_less_than_4_chars--
--Output from should_has_empty_between_97th_and_162th_position--
--Output from should_allow_put_all_parameters_together--
]]></system-out>

      <system-err><![CDATA[--Output from should_has_a_nif_between_5th_and_13th_position--
--Output from nif_should_not_be_empty--
--Output from should_throw_an_exception_if_nif_has_more_than_9_chars--
--Output from should_has_a_nif_with_9_chars_filling_with_0_left_positions_until_9--
--Output from should_has_a_sufix_between_14th_and_16th_position--
--Output from should_be_162_characters_length--
--Output from should_start_with_with_5180--
--Output from should_has_a_date_when_file_was_built_between_17th_and_22th_position--
--Output from should_has_empty_between_23th_and_28th_position--
--Output from should_has_presentator_name_between_29th_and_68th_position--
--Output from should_has_to_change_to_uppercase_the_name--
--Output from should_has_to_remove_every_accent_in_the_name--
--Output from should_cut_the_presentator_name_with_more_than_40_chars--
--Output from should_has_empty_between_69th_and_88th_position--
--Output from should_has_a_entity_receptor_number_between_89th_and_92th_position--
--Output from should_throw_an_exception_if_entity_receptor_has_more_than_4_chars--
--Output from should_throw_an_exception_if_entity_receptor_has_less_than_4_chars--
--Output from should_has_a_office_receptor_number_between_93th_and_96th_position--
--Output from should_throw_an_exception_if_office_receptor_has_more_than_4_chars--
--Output from should_throw_an_exception_if_office_receptor_has_less_than_4_chars--
--Output from should_has_empty_between_97th_and_162th_position--
--Output from should_allow_put_all_parameters_together--
]]></system-err>

  </testsuite>
  <testsuite errors="0" failures="0" hostname="jjballano.local" id="2" name="Cuaderno19Test" package="cuaderno19" tests="14" time="1.014" timestamp="2012-03-01T14:50:47">
      <properties />

      <testcase classname="cuaderno19.Cuaderno19Test" name="should_have_a_presentator_header_at_the_begging_of_the_text" time="0.114" />

      <testcase classname="cuaderno19.Cuaderno19Test" name="should_have_a_issuer_header_between_163rd_and_324th_position" time="0.0060" />

      <testcase classname="cuaderno19.Cuaderno19Test" name="should_have_a_total_issuer_record_between_325th_and_486th_position_if_it_does_not_have_any_payment" time="0.0050" />

      <testcase classname="cuaderno19.Cuaderno19Test" name="should_have_a_main_total_record_between_487th_and_648th_position_if_it_does_not_have_any_payment" time="0.0050" />

      <testcase classname="cuaderno19.Cuaderno19Test" name="it_is_possible_to_add_one_payment_and_it_should_be_between_325th_and_486th_position" time="0.73" />

      <testcase classname="cuaderno19.Cuaderno19Test" name="should_have_a_total_issuer_record_between_487th_and_648th_position_if_it_has_one_payment" time="0.012" />

      <testcase classname="cuaderno19.Cuaderno19Test" name="should_have_a_total_issuer_with_a_field_with_the_sum_of_all_of_its_payments_amounts" time="0.045" />

      <testcase classname="cuaderno19.Cuaderno19Test" name="should_have_a_total_issuer_with_a_field_with_the_sum_of_its_number_of_payments" time="0.0090" />

      <testcase classname="cuaderno19.Cuaderno19Test" name="should_have_a_total_issuer_with_a_field_with_the_sum_of_its_number_of_registries_including_payments" time="0.022" />

      <testcase classname="cuaderno19.Cuaderno19Test" name="should_have_a_main_total_record_between_649th_and_810th_position_if_it_does_not_have_any_payment" time="0.0030" />

      <testcase classname="cuaderno19.Cuaderno19Test" name="should_have_a_main_total_with_a_field_with_the_sum_of_all_payments_amounts" time="0.011" />

      <testcase classname="cuaderno19.Cuaderno19Test" name="should_have_a_main_total_with_a_field_with_the_number_of_payments" time="0.0020" />

      <testcase classname="cuaderno19.Cuaderno19Test" name="should_have_a_main_total_with_the_number_of_registries_in_the_file" time="0.025" />

      <testcase classname="cuaderno19.Cuaderno19Test" name="should_allow_create_two_payments" time="0.0040" />

      <system-out><![CDATA[--Output from should_have_a_presentator_header_at_the_begging_of_the_text--
--Output from should_have_a_issuer_header_between_163rd_and_324th_position--
--Output from should_have_a_total_issuer_record_between_325th_and_486th_position_if_it_does_not_have_any_payment--
--Output from should_have_a_main_total_record_between_487th_and_648th_position_if_it_does_not_have_any_payment--
--Output from it_is_possible_to_add_one_payment_and_it_should_be_between_325th_and_486th_position--
--Output from should_have_a_total_issuer_record_between_487th_and_648th_position_if_it_has_one_payment--
--Output from should_have_a_total_issuer_with_a_field_with_the_sum_of_all_of_its_payments_amounts--
--Output from should_have_a_total_issuer_with_a_field_with_the_sum_of_its_number_of_payments--
--Output from should_have_a_total_issuer_with_a_field_with_the_sum_of_its_number_of_registries_including_payments--
--Output from should_have_a_main_total_record_between_649th_and_810th_position_if_it_does_not_have_any_payment--
--Output from should_have_a_main_total_with_a_field_with_the_sum_of_all_payments_amounts--
--Output from should_have_a_main_total_with_a_field_with_the_number_of_payments--
--Output from should_have_a_main_total_with_the_number_of_registries_in_the_file--
--Output from should_allow_create_two_payments--
]]></system-out>

      <system-err><![CDATA[--Output from should_have_a_presentator_header_at_the_begging_of_the_text--
--Output from should_have_a_issuer_header_between_163rd_and_324th_position--
--Output from should_have_a_total_issuer_record_between_325th_and_486th_position_if_it_does_not_have_any_payment--
--Output from should_have_a_main_total_record_between_487th_and_648th_position_if_it_does_not_have_any_payment--
--Output from it_is_possible_to_add_one_payment_and_it_should_be_between_325th_and_486th_position--
--Output from should_have_a_total_issuer_record_between_487th_and_648th_position_if_it_has_one_payment--
--Output from should_have_a_total_issuer_with_a_field_with_the_sum_of_all_of_its_payments_amounts--
--Output from should_have_a_total_issuer_with_a_field_with_the_sum_of_its_number_of_payments--
--Output from should_have_a_total_issuer_with_a_field_with_the_sum_of_its_number_of_registries_including_payments--
--Output from should_have_a_main_total_record_between_649th_and_810th_position_if_it_does_not_have_any_payment--
--Output from should_have_a_main_total_with_a_field_with_the_sum_of_all_payments_amounts--
--Output from should_have_a_main_total_with_a_field_with_the_number_of_payments--
--Output from should_have_a_main_total_with_the_number_of_registries_in_the_file--
--Output from should_allow_create_two_payments--
]]></system-err>

  </testsuite>
  <testsuite errors="0" failures="0" hostname="jjballano.local" id="3" name="MainTotalTest" package="cuaderno19" tests="18" time="0.026" timestamp="2012-03-01T14:50:48">
      <properties />

      <testcase classname="cuaderno19.MainTotalTest" name="should_has_a_nif_between_5th_and_13th_position" time="0.0010" />

      <testcase classname="cuaderno19.MainTotalTest" name="nif_should_not_be_empty" time="0.0010" />

      <testcase classname="cuaderno19.MainTotalTest" name="should_throw_an_exception_if_nif_has_more_than_9_chars" time="0.0" />

      <testcase classname="cuaderno19.MainTotalTest" name="should_has_a_nif_with_9_chars_filling_with_0_left_positions_until_9" time="0.0" />

      <testcase classname="cuaderno19.MainTotalTest" name="should_has_a_sufix_between_14th_and_16th_position" time="0.0010" />

      <testcase classname="cuaderno19.MainTotalTest" name="should_be_162_characters_length" time="0.0" />

      <testcase classname="cuaderno19.MainTotalTest" name="should_start_with_with_5980" time="0.0010" />

      <testcase classname="cuaderno19.MainTotalTest" name="should_has_empty_between_17th_and_68th_position" time="0.0" />

      <testcase classname="cuaderno19.MainTotalTest" name="should_has_a_number_of_issuers_between_69th_and_72th_position" time="0.0" />

      <testcase classname="cuaderno19.MainTotalTest" name="should_has_empty_between_73th_and_88th_position" time="0.0" />

      <testcase classname="cuaderno19.MainTotalTest" name="should_has_a_total_amount_between_89th_and_98th_position_filled_with_zero_left" time="0.0" />

      <testcase classname="cuaderno19.MainTotalTest" name="should_receive_every_amount_with_two_decimals_and_remove_the_dot" time="0.0010" />

      <testcase classname="cuaderno19.MainTotalTest" name="should_add_two_zeros_on_the_right_if_amount_has_not_decimal_dot" time="0.0010" />

      <testcase classname="cuaderno19.MainTotalTest" name="should_allow_receive_zero_as_total_amount" time="0.0010" />

      <testcase classname="cuaderno19.MainTotalTest" name="should_has_empty_between_99th_and_104th_position" time="0.0010" />

      <testcase classname="cuaderno19.MainTotalTest" name="should_has_a_number_of_payments_by_direct_debit_between_105th_and_114th_position_filled_with_zero_left" time="0.0" />

      <testcase classname="cuaderno19.MainTotalTest" name="should_has_a_number_of_registries_between_115th_and_124th_position_filled_with_zero_left" time="0.0010" />

      <testcase classname="cuaderno19.MainTotalTest" name="should_has_empty_between_125th_and_162th_position" time="0.0010" />

      <system-out><![CDATA[--Output from should_has_a_nif_between_5th_and_13th_position--
--Output from nif_should_not_be_empty--
--Output from should_throw_an_exception_if_nif_has_more_than_9_chars--
--Output from should_has_a_nif_with_9_chars_filling_with_0_left_positions_until_9--
--Output from should_has_a_sufix_between_14th_and_16th_position--
--Output from should_be_162_characters_length--
--Output from should_start_with_with_5980--
--Output from should_has_empty_between_17th_and_68th_position--
--Output from should_has_a_number_of_issuers_between_69th_and_72th_position--
--Output from should_has_empty_between_73th_and_88th_position--
--Output from should_has_a_total_amount_between_89th_and_98th_position_filled_with_zero_left--
--Output from should_receive_every_amount_with_two_decimals_and_remove_the_dot--
--Output from should_add_two_zeros_on_the_right_if_amount_has_not_decimal_dot--
--Output from should_allow_receive_zero_as_total_amount--
--Output from should_has_empty_between_99th_and_104th_position--
--Output from should_has_a_number_of_payments_by_direct_debit_between_105th_and_114th_position_filled_with_zero_left--
--Output from should_has_a_number_of_registries_between_115th_and_124th_position_filled_with_zero_left--
--Output from should_has_empty_between_125th_and_162th_position--
]]></system-out>

      <system-err><![CDATA[--Output from should_has_a_nif_between_5th_and_13th_position--
--Output from nif_should_not_be_empty--
--Output from should_throw_an_exception_if_nif_has_more_than_9_chars--
--Output from should_has_a_nif_with_9_chars_filling_with_0_left_positions_until_9--
--Output from should_has_a_sufix_between_14th_and_16th_position--
--Output from should_be_162_characters_length--
--Output from should_start_with_with_5980--
--Output from should_has_empty_between_17th_and_68th_position--
--Output from should_has_a_number_of_issuers_between_69th_and_72th_position--
--Output from should_has_empty_between_73th_and_88th_position--
--Output from should_has_a_total_amount_between_89th_and_98th_position_filled_with_zero_left--
--Output from should_receive_every_amount_with_two_decimals_and_remove_the_dot--
--Output from should_add_two_zeros_on_the_right_if_amount_has_not_decimal_dot--
--Output from should_allow_receive_zero_as_total_amount--
--Output from should_has_empty_between_99th_and_104th_position--
--Output from should_has_a_number_of_payments_by_direct_debit_between_105th_and_114th_position_filled_with_zero_left--
--Output from should_has_a_number_of_registries_between_115th_and_124th_position_filled_with_zero_left--
--Output from should_has_empty_between_125th_and_162th_position--
]]></system-err>

  </testsuite>
  <testsuite errors="0" failures="0" hostname="jjballano.local" id="4" name="PaymentTest" package="cuaderno19" tests="24" time="0.035" timestamp="2012-03-01T14:50:48">
      <properties />

      <testcase classname="cuaderno19.PaymentTest" name="should_has_a_nif_between_5th_and_13th_position" time="0.0" />

      <testcase classname="cuaderno19.PaymentTest" name="nif_should_not_be_empty" time="0.0" />

      <testcase classname="cuaderno19.PaymentTest" name="should_throw_an_exception_if_nif_has_more_than_9_chars" time="0.0" />

      <testcase classname="cuaderno19.PaymentTest" name="should_has_a_nif_with_9_chars_filling_with_0_left_positions_until_9" time="0.0" />

      <testcase classname="cuaderno19.PaymentTest" name="should_has_a_sufix_between_14th_and_16th_position" time="0.0" />

      <testcase classname="cuaderno19.PaymentTest" name="should_throw_an_expcetion_if_account_number_has_less_than_20_chars" time="0.0" />

      <testcase classname="cuaderno19.PaymentTest" name="should_throw_an_expcetion_if_account_number_has_more_than_20_chars" time="0.0010" />

      <testcase classname="cuaderno19.PaymentTest" name="should_be_162_characters_length" time="0.0" />

      <testcase classname="cuaderno19.PaymentTest" name="should_has_to_change_to_uppercase_the_name" time="0.0" />

      <testcase classname="cuaderno19.PaymentTest" name="should_has_to_remove_every_accent_in_the_name" time="0.0" />

      <testcase classname="cuaderno19.PaymentTest" name="should_receive_every_amount_with_two_decimals_and_remove_the_dot" time="0.0" />

      <testcase classname="cuaderno19.PaymentTest" name="should_add_two_zeros_on_the_right_if_amount_has_not_decimal_dot" time="0.0" />

      <testcase classname="cuaderno19.PaymentTest" name="should_start_with_with_5680" time="0.0" />

      <testcase classname="cuaderno19.PaymentTest" name="should_has_a_reference_code_between_17th_and_28th_position" time="0.0" />

      <testcase classname="cuaderno19.PaymentTest" name="should_has_a_nominal_name_between_29th_and_68th_position" time="0.0" />

      <testcase classname="cuaderno19.PaymentTest" name="should_cut_the_name_with_more_than_40_chars" time="0.0010" />

      <testcase classname="cuaderno19.PaymentTest" name="should_has_an_account_number_between_69th_and_88th_position" time="0.0" />

      <testcase classname="cuaderno19.PaymentTest" name="should_has_an_amount_between_89th_and_98th_position_filled_with_zero_left" time="0.0" />

      <testcase classname="cuaderno19.PaymentTest" name="should_has_empty_between_99th_and_114th_position" time="0.0" />

      <testcase classname="cuaderno19.PaymentTest" name="should_has_a_concept_between_115th_and_154th_position" time="0.0010" />

      <testcase classname="cuaderno19.PaymentTest" name="should_has_to_change_to_uppercase_the_concept" time="0.0" />

      <testcase classname="cuaderno19.PaymentTest" name="should_has_to_remove_every_accent_in_the_concept" time="0.0" />

      <testcase classname="cuaderno19.PaymentTest" name="should_cut_the_concept_with_more_than_40_chars" time="0.0010" />

      <testcase classname="cuaderno19.PaymentTest" name="should_has_empty_between_155th_and_162th_position" time="0.0" />

      <system-out><![CDATA[--Output from should_has_a_nif_between_5th_and_13th_position--
--Output from nif_should_not_be_empty--
--Output from should_throw_an_exception_if_nif_has_more_than_9_chars--
--Output from should_has_a_nif_with_9_chars_filling_with_0_left_positions_until_9--
--Output from should_has_a_sufix_between_14th_and_16th_position--
--Output from should_throw_an_expcetion_if_account_number_has_less_than_20_chars--
--Output from should_throw_an_expcetion_if_account_number_has_more_than_20_chars--
--Output from should_be_162_characters_length--
--Output from should_has_to_change_to_uppercase_the_name--
--Output from should_has_to_remove_every_accent_in_the_name--
--Output from should_receive_every_amount_with_two_decimals_and_remove_the_dot--
--Output from should_add_two_zeros_on_the_right_if_amount_has_not_decimal_dot--
--Output from should_start_with_with_5680--
--Output from should_has_a_reference_code_between_17th_and_28th_position--
--Output from should_has_a_nominal_name_between_29th_and_68th_position--
--Output from should_cut_the_name_with_more_than_40_chars--
--Output from should_has_an_account_number_between_69th_and_88th_position--
--Output from should_has_an_amount_between_89th_and_98th_position_filled_with_zero_left--
--Output from should_has_empty_between_99th_and_114th_position--
--Output from should_has_a_concept_between_115th_and_154th_position--
--Output from should_has_to_change_to_uppercase_the_concept--
--Output from should_has_to_remove_every_accent_in_the_concept--
--Output from should_cut_the_concept_with_more_than_40_chars--
--Output from should_has_empty_between_155th_and_162th_position--
]]></system-out>

      <system-err><![CDATA[--Output from should_has_a_nif_between_5th_and_13th_position--
--Output from nif_should_not_be_empty--
--Output from should_throw_an_exception_if_nif_has_more_than_9_chars--
--Output from should_has_a_nif_with_9_chars_filling_with_0_left_positions_until_9--
--Output from should_has_a_sufix_between_14th_and_16th_position--
--Output from should_throw_an_expcetion_if_account_number_has_less_than_20_chars--
--Output from should_throw_an_expcetion_if_account_number_has_more_than_20_chars--
--Output from should_be_162_characters_length--
--Output from should_has_to_change_to_uppercase_the_name--
--Output from should_has_to_remove_every_accent_in_the_name--
--Output from should_receive_every_amount_with_two_decimals_and_remove_the_dot--
--Output from should_add_two_zeros_on_the_right_if_amount_has_not_decimal_dot--
--Output from should_start_with_with_5680--
--Output from should_has_a_reference_code_between_17th_and_28th_position--
--Output from should_has_a_nominal_name_between_29th_and_68th_position--
--Output from should_cut_the_name_with_more_than_40_chars--
--Output from should_has_an_account_number_between_69th_and_88th_position--
--Output from should_has_an_amount_between_89th_and_98th_position_filled_with_zero_left--
--Output from should_has_empty_between_99th_and_114th_position--
--Output from should_has_a_concept_between_115th_and_154th_position--
--Output from should_has_to_change_to_uppercase_the_concept--
--Output from should_has_to_remove_every_accent_in_the_concept--
--Output from should_cut_the_concept_with_more_than_40_chars--
--Output from should_has_empty_between_155th_and_162th_position--
]]></system-err>

  </testsuite>
  <testsuite errors="0" failures="0" hostname="jjballano.local" id="5" name="TotalIssuerTest" package="cuaderno19" tests="15" time="0.018" timestamp="2012-03-01T14:50:48">
      <properties />

      <testcase classname="cuaderno19.TotalIssuerTest" name="should_has_a_nif_between_5th_and_13th_position" time="0.0" />

      <testcase classname="cuaderno19.TotalIssuerTest" name="nif_should_not_be_empty" time="0.0010" />

      <testcase classname="cuaderno19.TotalIssuerTest" name="should_throw_an_exception_if_nif_has_more_than_9_chars" time="0.0" />

      <testcase classname="cuaderno19.TotalIssuerTest" name="should_has_a_nif_with_9_chars_filling_with_0_left_positions_until_9" time="0.0010" />

      <testcase classname="cuaderno19.TotalIssuerTest" name="should_has_a_sufix_between_14th_and_16th_position" time="0.0010" />

      <testcase classname="cuaderno19.TotalIssuerTest" name="should_be_162_characters_length" time="0.0" />

      <testcase classname="cuaderno19.TotalIssuerTest" name="should_has_a_total_amount_between_89th_and_98th_position_filled_with_zero_left" time="0.0" />

      <testcase classname="cuaderno19.TotalIssuerTest" name="should_receive_every_amount_with_two_decimals_and_remove_the_dot" time="0.0" />

      <testcase classname="cuaderno19.TotalIssuerTest" name="should_add_two_zeros_on_the_right_if_amount_has_not_decimal_dot" time="0.0" />

      <testcase classname="cuaderno19.TotalIssuerTest" name="should_has_empty_between_99th_and_104th_position" time="0.0" />

      <testcase classname="cuaderno19.TotalIssuerTest" name="should_has_a_number_of_payments_by_direct_debit_between_105th_and_114th_position_filled_with_zero_left" time="0.0" />

      <testcase classname="cuaderno19.TotalIssuerTest" name="should_has_a_number_of_registries_between_115th_and_124th_position_filled_with_zero_left" time="0.0010" />

      <testcase classname="cuaderno19.TotalIssuerTest" name="should_has_empty_between_125th_and_162th_position" time="0.0010" />

      <testcase classname="cuaderno19.TotalIssuerTest" name="should_start_with_with_5880" time="0.0010" />

      <testcase classname="cuaderno19.TotalIssuerTest" name="should_has_empty_between_17th_and_88th_position" time="0.0010" />

      <system-out><![CDATA[--Output from should_has_a_nif_between_5th_and_13th_position--
--Output from nif_should_not_be_empty--
--Output from should_throw_an_exception_if_nif_has_more_than_9_chars--
--Output from should_has_a_nif_with_9_chars_filling_with_0_left_positions_until_9--
--Output from should_has_a_sufix_between_14th_and_16th_position--
--Output from should_be_162_characters_length--
--Output from should_has_a_total_amount_between_89th_and_98th_position_filled_with_zero_left--
--Output from should_receive_every_amount_with_two_decimals_and_remove_the_dot--
--Output from should_add_two_zeros_on_the_right_if_amount_has_not_decimal_dot--
--Output from should_has_empty_between_99th_and_104th_position--
--Output from should_has_a_number_of_payments_by_direct_debit_between_105th_and_114th_position_filled_with_zero_left--
--Output from should_has_a_number_of_registries_between_115th_and_124th_position_filled_with_zero_left--
--Output from should_has_empty_between_125th_and_162th_position--
--Output from should_start_with_with_5880--
--Output from should_has_empty_between_17th_and_88th_position--
]]></system-out>

      <system-err><![CDATA[--Output from should_has_a_nif_between_5th_and_13th_position--
--Output from nif_should_not_be_empty--
--Output from should_throw_an_exception_if_nif_has_more_than_9_chars--
--Output from should_has_a_nif_with_9_chars_filling_with_0_left_positions_until_9--
--Output from should_has_a_sufix_between_14th_and_16th_position--
--Output from should_be_162_characters_length--
--Output from should_has_a_total_amount_between_89th_and_98th_position_filled_with_zero_left--
--Output from should_receive_every_amount_with_two_decimals_and_remove_the_dot--
--Output from should_add_two_zeros_on_the_right_if_amount_has_not_decimal_dot--
--Output from should_has_empty_between_99th_and_104th_position--
--Output from should_has_a_number_of_payments_by_direct_debit_between_105th_and_114th_position_filled_with_zero_left--
--Output from should_has_a_number_of_registries_between_115th_and_124th_position_filled_with_zero_left--
--Output from should_has_empty_between_125th_and_162th_position--
--Output from should_start_with_with_5880--
--Output from should_has_empty_between_17th_and_88th_position--
]]></system-err>

  </testsuite>
</testsuites>
